<?xml version="1.0" encoding="UTF-8"?>
<testsuite xmlns:xsi="http://www.w3.org/2001/XMLSchema-instance" xsi:noNamespaceSchemaLocation="https://maven.apache.org/surefire/maven-surefire-plugin/xsd/surefire-test-report-3.0.xsd" version="3.0" name="com.connection_checker.connection_checker.ConnectionCheckerApplicationTests" time="12.526" tests="1" errors="0" skipped="0" failures="0">
  <properties>
[...]
</properties>
  <testcase name="contextLoads" classname="com.connection_checker.connection_checker.ConnectionCheckerApplicationTests" time="0.639">
    <system-out><![CDATA[02:50:17.465 [main] INFO org.springframework.test.context.support.AnnotationConfigContextLoaderUtils -- Could not detect default configuration classes for test class [com.connection_checker.connection_checker.ConnectionCheckerApplicationTests]: ConnectionCheckerApplicationTests does not declare any static, non-private, non-final, nested classes annotated with @Configuration.
02:50:17.601 [main] INFO org.springframework.boot.test.context.SpringBootTestContextBootstrapper -- Found @SpringBootConfiguration com.connection_checker.connection_checker.ConnectionCheckerApplication for test class com.connection_checker.connection_checker.ConnectionCheckerApplicationTests
02:50:17.894 [main] INFO org.springframework.boot.devtools.restart.RestartApplicationListener -- Restart disabled due to context in which it is running

  .   ____          _            __ _ _
 /\\ / ___'_ __ _ _(_)_ __  __ _ \ \ \ \
( ( )\___ | '_ | '_| | '_ \/ _` | \ \ \ \
 \\/  ___)| |_)| | | | | || (_| |  ) ) ) )
  '  |____| .__|_| |_|_| |_\__, | / / / /
 =========|_|==============|___/=/_/_/_/
 :: Spring Boot ::                (v3.2.2)

2024-05-26T02:50:18.237+05:30  INFO 3968 --- [           main] c.c.c.ConnectionCheckerApplicationTests  : Starting ConnectionCheckerApplicationTests using Java 17.0.5 with PID 3968 (started by nikhi in C:\spring connection_checker\connection_checker)
2024-05-26T02:50:18.248+05:30  INFO 3968 --- [           main] c.c.c.ConnectionCheckerApplicationTests  : The following 1 profile is active: "prod"
2024-05-26T02:50:19.722+05:30  INFO 3968 --- [           main] .s.d.r.c.RepositoryConfigurationDelegate : Bootstrapping Spring Data JPA repositories in DEFAULT mode.
2024-05-26T02:50:19.807+05:30  INFO 3968 --- [           main] .s.d.r.c.RepositoryConfigurationDelegate : Finished Spring Data repository scanning in 69 ms. Found 2 JPA repository interfaces.
2024-05-26T02:50:20.850+05:30  INFO 3968 --- [           main] o.hibernate.jpa.internal.util.LogHelper  : HHH000204: Processing PersistenceUnitInfo [name: default]
2024-05-26T02:50:20.996+05:30  INFO 3968 --- [           main] org.hibernate.Version                    : HHH000412: Hibernate ORM core version 6.4.1.Final
2024-05-26T02:50:21.056+05:30  INFO 3968 --- [           main] o.h.c.internal.RegionFactoryInitiator    : HHH000026: Second-level cache disabled
2024-05-26T02:50:21.533+05:30  INFO 3968 --- [           main] o.s.o.j.p.SpringPersistenceUnitInfo      : No LoadTimeWeaver setup: ignoring JPA class transformer
2024-05-26T02:50:21.573+05:30  INFO 3968 --- [           main] com.zaxxer.hikari.HikariDataSource       : test - Starting...
2024-05-26T02:50:22.498+05:30  INFO 3968 --- [           main] com.zaxxer.hikari.pool.HikariPool        : test - Added connection com.mysql.cj.jdbc.ConnectionImpl@6282f1eb
2024-05-26T02:50:22.498+05:30  INFO 3968 --- [           main] com.zaxxer.hikari.HikariDataSource       : test - Start completed.
2024-05-26T02:50:22.607+05:30  WARN 3968 --- [           main] org.hibernate.dialect.Dialect            : HHH000511: The 5.5.0 version for [org.hibernate.dialect.MySQLDialect] is no longer supported, hence certain features may not work properly. The minimum supported version is 8.0.0. Check the community dialects project for available legacy versions.
2024-05-26T02:50:22.615+05:30  WARN 3968 --- [           main] org.hibernate.orm.deprecation            : HHH90000025: MySQLDialect does not need to be specified explicitly using 'hibernate.dialect' (remove the property setting and it will be selected by default)
2024-05-26T02:50:23.863+05:30  INFO 3968 --- [           main] o.h.e.t.j.p.i.JtaPlatformInitiator       : HHH000489: No JTA platform available (set 'hibernate.transaction.jta.platform' to enable JTA platform integration)
2024-05-26T02:50:26.121+05:30  INFO 3968 --- [           main] j.LocalContainerEntityManagerFactoryBean : Initialized JPA EntityManagerFactory for persistence unit 'default'
2024-05-26T02:50:26.574+05:30  INFO 3968 --- [           main] o.s.d.j.r.query.QueryEnhancerFactory     : Hibernate is in classpath; If applicable, HQL parser will be used.
2024-05-26T02:50:27.343+05:30  WARN 3968 --- [           main] JpaBaseConfiguration$JpaWebConfiguration : spring.jpa.open-in-view is enabled by default. Therefore, database queries may be performed during view rendering. Explicitly configure spring.jpa.open-in-view to disable this warning
2024-05-26T02:50:28.125+05:30  INFO 3968 --- [           main] o.s.b.a.e.web.EndpointLinksResolver      : Exposing 1 endpoint(s) beneath base path '/actuator'
2024-05-26T02:50:28.243+05:30  INFO 3968 --- [           main] o.s.s.web.DefaultSecurityFilterChain     : Will secure any request with [org.springframework.security.web.session.DisableEncodeUrlFilter@44cd3ea9, org.springframework.security.web.context.request.async.WebAsyncManagerIntegrationFilter@352df548, org.springframework.security.web.context.SecurityContextHolderFilter@65ff1e6d, org.springframework.security.web.header.HeaderWriterFilter@5bee88e3, org.springframework.web.filter.CorsFilter@45dc4d1a, org.springframework.security.web.authentication.logout.LogoutFilter@1c7aa676, org.springframework.security.web.authentication.UsernamePasswordAuthenticationFilter@7a65e842, org.springframework.security.web.savedrequest.RequestCacheAwareFilter@416dd4d8, org.springframework.security.web.servletapi.SecurityContextHolderAwareRequestFilter@66abb7d4, org.springframework.security.web.authentication.rememberme.RememberMeAuthenticationFilter@73534675, org.springframework.security.web.authentication.AnonymousAuthenticationFilter@4dbcc8ce, org.springframework.security.web.access.ExceptionTranslationFilter@2416378c, org.springframework.security.web.access.intercept.AuthorizationFilter@428943a4]
2024-05-26T02:50:29.039+05:30  INFO 3968 --- [           main] c.c.c.ConnectionCheckerApplicationTests  : Started ConnectionCheckerApplicationTests in 11.164 seconds (process running for 12.515)
]]></system-out>
  </testcase>
</testsuite>